c:\users\francholi\desktop\raycastlab\debug\raycastlab.bsc
c:\users\francholi\desktop\raycastlab\debug\vc140.pdb
c:\users\francholi\desktop\raycastlab\debug\vc140.idb
c:\users\francholi\desktop\raycastlab\debug\toscreen.sbr
c:\users\francholi\desktop\raycastlab\debug\shapes.sbr
c:\users\francholi\desktop\raycastlab\debug\main.sbr
c:\users\francholi\desktop\raycastlab\debug\scene.sbr
c:\users\francholi\desktop\raycastlab\debug\scene.obj
c:\users\francholi\desktop\raycastlab\debug\main.obj
c:\users\francholi\desktop\raycastlab\debug\shapes.obj
c:\users\francholi\desktop\raycastlab\debug\toscreen.obj
c:\users\francholi\desktop\raycastlab\debug\raycastlab.exe
c:\users\francholi\desktop\raycastlab\debug\raycastlab.pdb
c:\users\francholi\desktop\raycastlab\debug\raycastlab.tlog\bscmake.command.1.tlog
c:\users\francholi\desktop\raycastlab\debug\raycastlab.tlog\bscmake.read.1.tlog
c:\users\francholi\desktop\raycastlab\debug\raycastlab.tlog\bscmake.write.1.tlog
c:\users\francholi\desktop\raycastlab\debug\raycastlab.tlog\cl.command.1.tlog
c:\users\francholi\desktop\raycastlab\debug\raycastlab.tlog\cl.read.1.tlog
c:\users\francholi\desktop\raycastlab\debug\raycastlab.tlog\cl.write.1.tlog
c:\users\francholi\desktop\raycastlab\debug\raycastlab.tlog\link.command.1.tlog
c:\users\francholi\desktop\raycastlab\debug\raycastlab.tlog\link.read.1.tlog
c:\users\francholi\desktop\raycastlab\debug\raycastlab.tlog\link.write.1.tlog
