Build started 18/11/2015 11:15:11.
     1>Project "C:\Users\Simonekis\Documents\Visual Studio 2015\Projects\RayCastLab\RayCastLab.vcxproj" on node 2 (Build target(s)).
     1>ClCompile:
         C:\Program Files (x86)\Microsoft Visual Studio 14.0\VC\bin\CL.exe /c /Zi /nologo /W3 /WX- /O2 /Oi /Oy- /GL /D WIN32 /D NDEBUG /D _WINDOWS /D _UNICODE /D UNICODE /Gm- /EHsc /MTd /GS /Gy /fp:precise /Zc:wchar_t /Zc:forScope /Zc:inline /Fo"Release\\" /Fd"Release\vc140.pdb" /Gd /TP /analyze- /errorReport:prompt Shapes.cpp
         Shapes.cpp
     1>Shapes.cpp(45): warning C4244: 'argument': conversion from 'float' to 'BYTE', possible loss of data
     1>Shapes.cpp(58): warning C4244: 'argument': conversion from 'float' to 'BYTE', possible loss of data
     1>Shapes.cpp(206): warning C4244: 'initializing': conversion from 'double' to 'float', possible loss of data
       Link:
         C:\Program Files (x86)\Microsoft Visual Studio 14.0\VC\bin\link.exe /ERRORREPORT:PROMPT /OUT:"C:\Users\Simonekis\Documents\Visual Studio 2015\Projects\RayCastLab\Release\RayCastLab.exe" /INCREMENTAL:NO /NOLOGO kernel32.lib user32.lib gdi32.lib winspool.lib comdlg32.lib advapi32.lib shell32.lib ole32.lib oleaut32.lib uuid.lib odbc32.lib odbccp32.lib /MANIFEST /MANIFESTUAC:"level='asInvoker' uiAccess='false'" /manifest:embed /Debug /PDB:"C:\Users\Simonekis\Documents\Visual Studio 2015\Projects\RayCastLab\Release\RayCastLab.pdb" /SUBSYSTEM:WINDOWS /OPT:REF /OPT:ICF /LTCG:incremental /TLBID:1 /DYNAMICBASE /NXCOMPAT /IMPLIB:"C:\Users\Simonekis\Documents\Visual Studio 2015\Projects\RayCastLab\Release\RayCastLab.lib" /MACHINE:X86 /SAFESEH /LTCG Release\Scene.obj
         Release\main.obj
         Release\Shapes.obj
         Release\ToScreen.obj
         Generating code
     1>c:\users\simonekis\documents\visual studio 2015\projects\raycastlab\shapes.cpp(396): warning C4715: 'OBB::normal': not all control paths return a value
         Finished generating code
         RayCastLab.vcxproj -> C:\Users\Simonekis\Documents\Visual Studio 2015\Projects\RayCastLab\Release\RayCastLab.exe
     1>Done Building Project "C:\Users\Simonekis\Documents\Visual Studio 2015\Projects\RayCastLab\RayCastLab.vcxproj" (Build target(s)).

Build succeeded.

Time Elapsed 00:00:02.01
